irrigation                                                                                                              PAGE 1
                         1     ORG 00H
0000 7E06                2     MOV R6,#06H
0002 75B000              3     MOV P3,#00H
0005 758000              4     MOV P0,#00H
0008 7438                5     MOV A,#38H
000A 11B5                6     ACALL CMD
000C 740F                7     MOV A,#0FH
000E 11B5                8     ACALL CMD
0010 7401                9     MOV A,#01H
0012 11B5               10     ACALL CMD
0014 7406               11     MOV A,#06H
0016 11B5               12     ACALL CMD
0018 7481               13     MOV A,#81H
001A 11B5               14     ACALL CMD
001C 900190             15     MOV DPTR,#0190H
001F E4                 16     HEREAGAIN1:CLR A
0020 93                 17     MOVC A,@A+DPTR
0021 B42402             18     CJNE A,#'$',TOCONT1
0024 8005               19     SJMP INIT
0026 11C2               20     TOCONT1:ACALL DAT
0028 A3                 21     INC DPTR
0029 80F4               22     SJMP HEREAGAIN1
                        23
                        24     INIT:
002B 20A302             25             JB P2.3,INIT1
002E 8005               26             SJMP INIT2
                        27
                        28     INIT1:
0030 20A407             29             JB P2.4,OFF
0033 8035               30             SJMP START
                        31
                        32     INIT2:
0035 20A412             33             JB P2.4,FSTART
0038 8020               34             SJMP FSTOP
                        35
                        36     OFF:
003A BE0002             37             CJNE R6,#00H,HEREOFF
003D 80EC               38             SJMP INIT
003F 75B000             39             HEREOFF:MOV P3,#00H
0042 119E               40             ACALL LCDOFF
0044 1183               41             ACALL DELAY
0046 7E00               42             MOV R6,#00H
0048 80E1               43             SJMP INIT
                        44
004A BE0102             45     FSTART: CJNE R6,#01H,HEREFSTART
004D 80DC               46             SJMP INIT
                        47             HEREFSTART:
004F 75B0FF             48             MOV P3,#0FFH
0052 1198               49             ACALL LCDFSTART
0054 1183               50             ACALL DELAY
0056 7E01               51             MOV R6,#01H
0058 80D1               52             SJMP INIT
                        53
                        54     FSTOP:
005A BE0202             55             CJNE R6,#02H,HEREFSTOP
005D 80CC               56             SJMP INIT
                        57             HEREFSTOP:
005F 75B000             58             MOV P3,#00H
0062 1192               59             ACALL LCDFSTOP
0064 1183               60             ACALL DELAY
0066 7E02               61             MOV R6,#02H
0068 80C1               62             SJMP INIT
                        63
                        64     START:
006A BE0308             65             CJNE R6,#03H,HERESTART
006D E4                 66             CLR A
006E E580               67             MOV A,P0
0070 F4                 68             CPL A
0071 F5B0               69             MOV P3,A
0073 80B6               70             SJMP INIT
                        71             HERESTART:
0075 E4                 72             CLR A
0076 E580               73             MOV A,P0
0078 F4                 74             CPL A
0079 F5B0               75             MOV P3,A
007B 118C               76             ACALL LCDNORMAL
007D 1183               77             ACALL DELAY
007F 7E03               78             MOV R6,#03H
0081 80A8               79             SJMP INIT
                        80
                        81     DELAY:
0083 7A7F               82             MOV R2,#07FH
0085 7BFF               83             UP:MOV R3,#0FFH
0087 DBFE               84             HERE:DJNZ R3, HERE
0089 DAFA               85             DJNZ R2, UP
008B 22                 86             RET
                        87
                        88     LCDNORMAL:
008C 900100             89             MOV DPTR,#0100H
008F 11A4               90             ACALL DISPCOMM
0091 22                 91             RET
                        92
                        93     LCDFSTOP:
0092 900160             94             MOV DPTR,#0160H
0095 11A4               95             ACALL DISPCOMM
0097 22                 96             RET
                        97
                        98     LCDFSTART:
0098 900130             99             MOV DPTR,#0130H
009B 11A4              100             ACALL DISPCOMM
009D 22                101             RET
                       102
                       103     LCDOFF:
009E 900210            104             MOV DPTR,#0210H
00A1 11A4              105             ACALL DISPCOMM
00A3 22                106             RET
                       107
                       108     DISPCOMM:
00A4 7488              109             MOV A,#88H
00A6 11B5              110             ACALL CMD
00A8 E4                111             HEREAGAIN:CLR A
00A9 93                112             MOVC A,@A+DPTR
00AA B42402            113             CJNE A,#'$',TOCONT
00AD 8005              114             SJMP TORET
00AF 11C2              115             TOCONT:ACALL DAT
00B1 A3                116             INC DPTR
00B2 80F4              117             SJMP HEREAGAIN
00B4 22                118             TORET:RET
                       119
                       120     CMD:
00B5 F590              121             MOV P1,A
00B7 C2A1              122             CLR P2.1
00B9 C2A2              123             CLR P2.2
00BB D2A0              124             SETB P2.0
00BD C2A0              125             CLR P2.0
00BF 1183              126             ACALL DELAY
00C1 22                127             RET
                       128     DAT:
00C2 F590              129             MOV P1,A
00C4 D2A1              130             SETB P2.1
00C6 C2A2              131             CLR P2.2
00C8 D2A0              132             SETB P2.0
00CA C2A0              133             CLR P2.0
00CC 1183              134             ACALL DELAY
00CE E4                135             CLR A
00CF 22                136             RET
                       137
                       138     ORG 0100H
0100 53454E534F        139     DB 'S','E','N','S','O','R','S','$'
     525324
                       140
                       141     ORG 0130H
0130 4653544152        142     DB 'F','S','T','A','R','T',' ','$'
     542024
                       143
                       144     ORG 0160H
0160 4653544F50        145     DB 'F','S','T','O','P',' ',' ','$'
     202024
                       146
                       147     ORG 0190H
0190 5354415455        148     DB 'S','T','A','T','U','S',':','$'
     533A24
                       149
                       150     ORG 0210H
0210 4F46462020        151     DB 'O','F','F',' ',' ',' ',' ','$'
     202024
                       152
                       153     END
ASSEMBLY COMPLETE, NO ERRORS FOUND, NO WARNINGS


SYMBOL TABLE:
??MCU_8051_IDE . . . . . . . . . . .  N  NUMB  8051H  NOT USED
??VERSION. . . . . . . . . . . . . .  N  NUMB  0147H  NOT USED
AC . . . . . . . . . . . . . . . . .  B  ADDR  00D6H  NOT USED
ACC. . . . . . . . . . . . . . . . .  D  ADDR  00E0H  NOT USED
ACSR . . . . . . . . . . . . . . . .  D  ADDR  0097H  NOT USED
ADCF . . . . . . . . . . . . . . . .  D  ADDR  00F6H  NOT USED
ADCLK. . . . . . . . . . . . . . . .  D  ADDR  00F2H  NOT USED
ADCON. . . . . . . . . . . . . . . .  D  ADDR  00F3H  NOT USED
ADDH . . . . . . . . . . . . . . . .  D  ADDR  00F5H  NOT USED
ADDL . . . . . . . . . . . . . . . .  D  ADDR  00F4H  NOT USED
AUXR . . . . . . . . . . . . . . . .  D  ADDR  008EH  NOT USED
AUXR1. . . . . . . . . . . . . . . .  D  ADDR  00A2H  NOT USED
B. . . . . . . . . . . . . . . . . .  D  ADDR  00F0H  NOT USED
BDRCON . . . . . . . . . . . . . . .  D  ADDR  009BH  NOT USED
BDRCON_1 . . . . . . . . . . . . . .  D  ADDR  009CH  NOT USED
BRL. . . . . . . . . . . . . . . . .  D  ADDR  009AH  NOT USED
CCAP0H . . . . . . . . . . . . . . .  D  ADDR  00FAH  NOT USED
CCAP0L . . . . . . . . . . . . . . .  D  ADDR  00EAH  NOT USED
CCAP1H . . . . . . . . . . . . . . .  D  ADDR  00FBH  NOT USED
CCAP1L . . . . . . . . . . . . . . .  D  ADDR  00EBH  NOT USED
CCAP2H . . . . . . . . . . . . . . .  D  ADDR  00FCH  NOT USED
CCAP3H . . . . . . . . . . . . . . .  D  ADDR  00FDH  NOT USED
CCAP4H . . . . . . . . . . . . . . .  D  ADDR  00FEH  NOT USED
CCAPL2H. . . . . . . . . . . . . . .  D  ADDR  00FCH  NOT USED
CCAPL2L. . . . . . . . . . . . . . .  D  ADDR  00ECH  NOT USED
CCAPL3H. . . . . . . . . . . . . . .  D  ADDR  00FDH  NOT USED
CCAPL3L. . . . . . . . . . . . . . .  D  ADDR  00EDH  NOT USED
CCAPL4H. . . . . . . . . . . . . . .  D  ADDR  00FEH  NOT USED
CCAPL4L. . . . . . . . . . . . . . .  D  ADDR  00EEH  NOT USED
CCAPM0 . . . . . . . . . . . . . . .  D  ADDR  00DAH  NOT USED
CCAPM1 . . . . . . . . . . . . . . .  D  ADDR  00DBH  NOT USED
CCAPM2 . . . . . . . . . . . . . . .  D  ADDR  00DCH  NOT USED
CCAPM3 . . . . . . . . . . . . . . .  D  ADDR  00DDH  NOT USED
CCAPM4 . . . . . . . . . . . . . . .  D  ADDR  00DEH  NOT USED
CCF0 . . . . . . . . . . . . . . . .  B  ADDR  00D8H  NOT USED
CCF1 . . . . . . . . . . . . . . . .  B  ADDR  00D9H  NOT USED
CCF2 . . . . . . . . . . . . . . . .  B  ADDR  00DAH  NOT USED
CCF3 . . . . . . . . . . . . . . . .  B  ADDR  00DBH  NOT USED
CCF4 . . . . . . . . . . . . . . . .  B  ADDR  00DCH  NOT USED
CCON . . . . . . . . . . . . . . . .  D  ADDR  00D8H  NOT USED
CFINT. . . . . . . . . . . . . . . .  C  ADDR  0033H  NOT USED
CH . . . . . . . . . . . . . . . . .  D  ADDR  00F9H  NOT USED
CKCON. . . . . . . . . . . . . . . .  D  ADDR  008FH  NOT USED
CKCON0 . . . . . . . . . . . . . . .  D  ADDR  008FH  NOT USED
CKRL . . . . . . . . . . . . . . . .  D  ADDR  0097H  NOT USED
CKSEL. . . . . . . . . . . . . . . .  D  ADDR  0085H  NOT USED
CL . . . . . . . . . . . . . . . . .  D  ADDR  00E9H  NOT USED
CLKREG . . . . . . . . . . . . . . .  D  ADDR  008FH  NOT USED
CMD. . . . . . . . . . . . . . . . .  C  ADDR  00B5H
CMOD . . . . . . . . . . . . . . . .  D  ADDR  00D9H  NOT USED
CPRL2. . . . . . . . . . . . . . . .  B  ADDR  00C8H  NOT USED
CR . . . . . . . . . . . . . . . . .  B  ADDR  00DEH  NOT USED
CT2. . . . . . . . . . . . . . . . .  B  ADDR  00C9H  NOT USED
CY . . . . . . . . . . . . . . . . .  B  ADDR  00D7H  NOT USED
DAT. . . . . . . . . . . . . . . . .  C  ADDR  00C2H
DELAY. . . . . . . . . . . . . . . .  C  ADDR  0083H
DISPCOMM . . . . . . . . . . . . . .  C  ADDR  00A4H
DP0H . . . . . . . . . . . . . . . .  D  ADDR  0083H  NOT USED
DP0L . . . . . . . . . . . . . . . .  D  ADDR  0082H  NOT USED
DP1H . . . . . . . . . . . . . . . .  D  ADDR  0085H  NOT USED
DP1L . . . . . . . . . . . . . . . .  D  ADDR  0084H  NOT USED
DPH. . . . . . . . . . . . . . . . .  D  ADDR  0083H  NOT USED
DPL. . . . . . . . . . . . . . . . .  D  ADDR  0082H  NOT USED
EA . . . . . . . . . . . . . . . . .  B  ADDR  00AFH  NOT USED
EC . . . . . . . . . . . . . . . . .  B  ADDR  00AEH  NOT USED
EECON. . . . . . . . . . . . . . . .  D  ADDR  0096H  NOT USED
ES . . . . . . . . . . . . . . . . .  B  ADDR  00ACH  NOT USED
ET0. . . . . . . . . . . . . . . . .  B  ADDR  00A9H  NOT USED
ET1. . . . . . . . . . . . . . . . .  B  ADDR  00ABH  NOT USED
ET2. . . . . . . . . . . . . . . . .  B  ADDR  00ADH  NOT USED
EX0. . . . . . . . . . . . . . . . .  B  ADDR  00A8H  NOT USED
EX1. . . . . . . . . . . . . . . . .  B  ADDR  00AAH  NOT USED
EXEN2. . . . . . . . . . . . . . . .  B  ADDR  00CBH  NOT USED
EXF2 . . . . . . . . . . . . . . . .  B  ADDR  00CEH  NOT USED
EXTI0. . . . . . . . . . . . . . . .  C  ADDR  0003H  NOT USED
EXTI1. . . . . . . . . . . . . . . .  C  ADDR  0013H  NOT USED
F0 . . . . . . . . . . . . . . . . .  B  ADDR  00D5H  NOT USED
FE . . . . . . . . . . . . . . . . .  B  ADDR  009FH  NOT USED
FSTART . . . . . . . . . . . . . . .  C  ADDR  004AH
FSTOP. . . . . . . . . . . . . . . .  C  ADDR  005AH
HERE . . . . . . . . . . . . . . . .  C  ADDR  0087H
HEREAGAIN. . . . . . . . . . . . . .  C  ADDR  00A8H
HEREAGAIN1 . . . . . . . . . . . . .  C  ADDR  001FH
HEREFSTART . . . . . . . . . . . . .  C  ADDR  004FH
HEREFSTOP. . . . . . . . . . . . . .  C  ADDR  005FH
HEREOFF. . . . . . . . . . . . . . .  C  ADDR  003FH
HERESTART. . . . . . . . . . . . . .  C  ADDR  0075H
IE . . . . . . . . . . . . . . . . .  D  ADDR  00A8H  NOT USED
IE0. . . . . . . . . . . . . . . . .  B  ADDR  0089H  NOT USED
IE1. . . . . . . . . . . . . . . . .  B  ADDR  008BH  NOT USED
INIT . . . . . . . . . . . . . . . .  C  ADDR  002BH
INIT1. . . . . . . . . . . . . . . .  C  ADDR  0030H
INIT2. . . . . . . . . . . . . . . .  C  ADDR  0035H
INT0 . . . . . . . . . . . . . . . .  B  ADDR  00B2H  NOT USED
INT1 . . . . . . . . . . . . . . . .  B  ADDR  00B3H  NOT USED
IP . . . . . . . . . . . . . . . . .  D  ADDR  00B8H  NOT USED
IPH. . . . . . . . . . . . . . . . .  D  ADDR  00B7H  NOT USED
IPH0 . . . . . . . . . . . . . . . .  D  ADDR  00B7H  NOT USED
IPH1 . . . . . . . . . . . . . . . .  D  ADDR  00B3H  NOT USED
IPL0 . . . . . . . . . . . . . . . .  D  ADDR  00B8H  NOT USED
IPL1 . . . . . . . . . . . . . . . .  D  ADDR  00B2H  NOT USED
IT0. . . . . . . . . . . . . . . . .  B  ADDR  0088H  NOT USED
IT1. . . . . . . . . . . . . . . . .  B  ADDR  008AH  NOT USED
KBE. . . . . . . . . . . . . . . . .  D  ADDR  009DH  NOT USED
KBF. . . . . . . . . . . . . . . . .  D  ADDR  009EH  NOT USED
KBLS . . . . . . . . . . . . . . . .  D  ADDR  009CH  NOT USED
LCDFSTART. . . . . . . . . . . . . .  C  ADDR  0098H
LCDFSTOP . . . . . . . . . . . . . .  C  ADDR  0092H
LCDNORMAL. . . . . . . . . . . . . .  C  ADDR  008CH
LCDOFF . . . . . . . . . . . . . . .  C  ADDR  009EH
OFF. . . . . . . . . . . . . . . . .  C  ADDR  003AH
OSCCON . . . . . . . . . . . . . . .  D  ADDR  0086H  NOT USED
OV . . . . . . . . . . . . . . . . .  B  ADDR  00D2H  NOT USED
P. . . . . . . . . . . . . . . . . .  B  ADDR  00D0H  NOT USED
P0 . . . . . . . . . . . . . . . . .  D  ADDR  0080H
P1 . . . . . . . . . . . . . . . . .  D  ADDR  0090H
P1M1 . . . . . . . . . . . . . . . .  D  ADDR  00D4H  NOT USED
P1M2 . . . . . . . . . . . . . . . .  D  ADDR  00E2H  NOT USED
P2 . . . . . . . . . . . . . . . . .  D  ADDR  00A0H
P3 . . . . . . . . . . . . . . . . .  D  ADDR  00B0H
P3M1 . . . . . . . . . . . . . . . .  D  ADDR  00D5H  NOT USED
P3M2 . . . . . . . . . . . . . . . .  D  ADDR  00E3H  NOT USED
P4 . . . . . . . . . . . . . . . . .  D  ADDR  00C0H  NOT USED
P4M1 . . . . . . . . . . . . . . . .  D  ADDR  00D6H  NOT USED
P4M2 . . . . . . . . . . . . . . . .  D  ADDR  00E4H  NOT USED
P5 . . . . . . . . . . . . . . . . .  D  ADDR  00E8H  NOT USED
PC . . . . . . . . . . . . . . . . .  B  ADDR  00BEH  NOT USED
PCON . . . . . . . . . . . . . . . .  D  ADDR  0087H  NOT USED
PPCL . . . . . . . . . . . . . . . .  B  ADDR  00BEH  NOT USED
PS . . . . . . . . . . . . . . . . .  B  ADDR  00BCH  NOT USED
PSL. . . . . . . . . . . . . . . . .  B  ADDR  00BCH  NOT USED
PSW. . . . . . . . . . . . . . . . .  D  ADDR  00D0H  NOT USED
PT0. . . . . . . . . . . . . . . . .  B  ADDR  00B9H  NOT USED
PT0L . . . . . . . . . . . . . . . .  B  ADDR  00B9H  NOT USED
PT1. . . . . . . . . . . . . . . . .  B  ADDR  00BBH  NOT USED
PT1L . . . . . . . . . . . . . . . .  B  ADDR  00BBH  NOT USED
PT2. . . . . . . . . . . . . . . . .  B  ADDR  00BDH  NOT USED
PT2L . . . . . . . . . . . . . . . .  B  ADDR  00BDH  NOT USED
PX0. . . . . . . . . . . . . . . . .  B  ADDR  00B8H  NOT USED
PX0L . . . . . . . . . . . . . . . .  B  ADDR  00B8H  NOT USED
PX1. . . . . . . . . . . . . . . . .  B  ADDR  00BAH  NOT USED
PX1L . . . . . . . . . . . . . . . .  B  ADDR  00BAH  NOT USED
RB8. . . . . . . . . . . . . . . . .  B  ADDR  009AH  NOT USED
RCAP2H . . . . . . . . . . . . . . .  D  ADDR  00CBH  NOT USED
RCAP2L . . . . . . . . . . . . . . .  D  ADDR  00CAH  NOT USED
RCLK . . . . . . . . . . . . . . . .  B  ADDR  00CDH  NOT USED
RD . . . . . . . . . . . . . . . . .  B  ADDR  00B7H  NOT USED
REN. . . . . . . . . . . . . . . . .  B  ADDR  009CH  NOT USED
RESET. . . . . . . . . . . . . . . .  C  ADDR  0000H  NOT USED
RI . . . . . . . . . . . . . . . . .  B  ADDR  0098H  NOT USED
RS0. . . . . . . . . . . . . . . . .  B  ADDR  00D3H  NOT USED
RS1. . . . . . . . . . . . . . . . .  B  ADDR  00D4H  NOT USED
RXD. . . . . . . . . . . . . . . . .  B  ADDR  00B0H  NOT USED
SADDR. . . . . . . . . . . . . . . .  D  ADDR  00A9H  NOT USED
SADDR_0. . . . . . . . . . . . . . .  D  ADDR  00A9H  NOT USED
SADDR_1. . . . . . . . . . . . . . .  D  ADDR  00AAH  NOT USED
SADEN. . . . . . . . . . . . . . . .  D  ADDR  00B9H  NOT USED
SADEN_0. . . . . . . . . . . . . . .  D  ADDR  00B9H  NOT USED
SADEN_1. . . . . . . . . . . . . . .  D  ADDR  00BAH  NOT USED
SBUF . . . . . . . . . . . . . . . .  D  ADDR  0099H  NOT USED
SCON . . . . . . . . . . . . . . . .  D  ADDR  0098H  NOT USED
SINT . . . . . . . . . . . . . . . .  C  ADDR  0023H  NOT USED
SM0. . . . . . . . . . . . . . . . .  B  ADDR  009FH  NOT USED
SM1. . . . . . . . . . . . . . . . .  B  ADDR  009EH  NOT USED
SM2. . . . . . . . . . . . . . . . .  B  ADDR  009DH  NOT USED
SP . . . . . . . . . . . . . . . . .  D  ADDR  0081H  NOT USED
SPCON. . . . . . . . . . . . . . . .  D  ADDR  00C3H  NOT USED
SPCR . . . . . . . . . . . . . . . .  D  ADDR  00D5H  NOT USED
SPDAT. . . . . . . . . . . . . . . .  D  ADDR  00C5H  NOT USED
SPDR . . . . . . . . . . . . . . . .  D  ADDR  0086H  NOT USED
SPSR . . . . . . . . . . . . . . . .  D  ADDR  00AAH  NOT USED
SPSTA. . . . . . . . . . . . . . . .  D  ADDR  00C4H  NOT USED
START. . . . . . . . . . . . . . . .  C  ADDR  006AH
T0 . . . . . . . . . . . . . . . . .  B  ADDR  00B4H  NOT USED
T1 . . . . . . . . . . . . . . . . .  B  ADDR  00B5H  NOT USED
T2CON. . . . . . . . . . . . . . . .  D  ADDR  00C8H  NOT USED
T2MOD. . . . . . . . . . . . . . . .  D  ADDR  00C9H  NOT USED
TB8. . . . . . . . . . . . . . . . .  B  ADDR  009BH  NOT USED
TCLK . . . . . . . . . . . . . . . .  B  ADDR  00CCH  NOT USED
TCON . . . . . . . . . . . . . . . .  D  ADDR  0088H  NOT USED
TF0. . . . . . . . . . . . . . . . .  B  ADDR  008DH  NOT USED
TF1. . . . . . . . . . . . . . . . .  B  ADDR  008FH  NOT USED
TF2. . . . . . . . . . . . . . . . .  B  ADDR  00CFH  NOT USED
TH0. . . . . . . . . . . . . . . . .  D  ADDR  008CH  NOT USED
TH1. . . . . . . . . . . . . . . . .  D  ADDR  008DH  NOT USED
TH2. . . . . . . . . . . . . . . . .  D  ADDR  00CDH  NOT USED
TI . . . . . . . . . . . . . . . . .  B  ADDR  0099H  NOT USED
TIMER0 . . . . . . . . . . . . . . .  C  ADDR  000BH  NOT USED
TIMER1 . . . . . . . . . . . . . . .  C  ADDR  001BH  NOT USED
TIMER2 . . . . . . . . . . . . . . .  C  ADDR  002BH  NOT USED
TL0. . . . . . . . . . . . . . . . .  D  ADDR  008AH  NOT USED
TL1. . . . . . . . . . . . . . . . .  D  ADDR  008BH  NOT USED
TL2. . . . . . . . . . . . . . . . .  D  ADDR  00CCH  NOT USED
TMOD . . . . . . . . . . . . . . . .  D  ADDR  0089H  NOT USED
TOCONT . . . . . . . . . . . . . . .  C  ADDR  00AFH
TOCONT1. . . . . . . . . . . . . . .  C  ADDR  0026H
TORET. . . . . . . . . . . . . . . .  C  ADDR  00B4H
TR0. . . . . . . . . . . . . . . . .  B  ADDR  008CH  NOT USED
TR1. . . . . . . . . . . . . . . . .  B  ADDR  008EH  NOT USED
TR2. . . . . . . . . . . . . . . . .  B  ADDR  00CAH  NOT USED
TXD. . . . . . . . . . . . . . . . .  B  ADDR  00B1H  NOT USED
UP . . . . . . . . . . . . . . . . .  C  ADDR  0085H
WDTCON . . . . . . . . . . . . . . .  D  ADDR  00A7H  NOT USED
WDTPRG . . . . . . . . . . . . . . .  D  ADDR  00A7H  NOT USED
WDTRST . . . . . . . . . . . . . . .  D  ADDR  00A6H  NOT USED
WR . . . . . . . . . . . . . . . . .  B  ADDR  00B6H  NOT USED